2026-05-22 11:30:05 [INFO] [ms_multi_process.py:76] - CpuUsageAnalysis process data finished, execute time is 0.003 s
2026-05-22 11:30:05 [INFO] [ms_multi_process.py:76] - MemUsageAnalysis process data finished, execute time is 0.003 s
2026-05-22 11:30:05 [INFO] [ms_multi_process.py:76] - DiskUsageAnalysis process data finished, execute time is 0.003 s
2026-05-22 11:30:05 [INFO] [ms_multi_process.py:76] - NetworkUsageAnalysis process data finished, execute time is 0.003 s
2026-05-22 11:30:05 [INFO] [ms_multi_process.py:76] - HostSyscallAnalysis process data finished, execute time is 0.003 s
2026-05-22 11:30:05 [INFO] [collection_engine.py:96] - Database process finished.
2026-05-22 11:30:05 [INFO] [collection_engine.py:97] - Analysis finished.
2026-05-22 11:30:05 [INFO] [ms_multi_process.py:76] - GeLogicStreamParser process data finished, execute time is 0.004 s
2026-05-22 11:30:05 [INFO] [ms_multi_process.py:76] - ParsingMemoryData process data finished, execute time is 0.002 s
2026-05-22 11:30:05 [INFO] [ms_multi_process.py:76] - ParsingCpuUsageData process data finished, execute time is 0.002 s
2026-05-22 11:30:05 [INFO] [ms_time_parser.py:116] - Start parsing sync data ...
2026-05-22 11:30:05 [INFO] [ms_time_parser.py:119] - Parsing sync data finished...
2026-05-22 11:30:05 [WARNING] [data_preparation_parser.py:104] - No data preparation data, data list is empty!
2026-05-22 11:30:05 [INFO] [data_preparation_parser.py:117] - Parsing data preparation has finished.
2026-05-22 11:30:05 [INFO] [ms_multi_process.py:76] - DataPreparationParser process data finished, execute time is 0.003 s
2026-05-22 11:30:05 [INFO] [ms_multi_process.py:76] - NpuOpMemParser process data finished, execute time is 0.002 s
2026-05-22 11:30:05 [INFO] [ms_multi_process.py:76] - Mc2CommInfoParser process data finished, execute time is 0.002 s
2026-05-22 11:30:05 [INFO] [stream_expand_spec_parser.py:106] - start parsing Stream expand info data file: unaging.compact.expand_stream_spec.slice_0
2026-05-22 11:30:05 [INFO] [stream_expand_spec_parser.py:111] - Create Stream expand info data finished!
2026-05-22 11:30:05 [INFO] [ms_multi_process.py:76] - MsTimeParser process data finished, execute time is 0.011 s
2026-05-22 11:30:05 [INFO] [ms_multi_process.py:76] - StreamExpandSpecParser process data finished, execute time is 0.012 s
2026-05-22 11:30:05 [INFO] [ms_multi_process.py:76] - CaptureStreamInfoParser process data finished, execute time is 0.003 s
2026-05-22 11:30:05 [INFO] [ms_multi_process.py:76] - RuntimeOpInfoParser process data finished, execute time is 0.003 s
2026-05-22 11:30:05 [INFO] [ms_multi_process.py:76] - HCCLOperatorParser process data finished, execute time is 0.003 s
2026-05-22 11:30:05 [INFO] [cann_calculator.py:82] - start to analysis cann software callstack
2026-05-22 11:30:05 [INFO] [msprof_c_interface.py:34] - Data will be parsed by msprof_analysis.so!
2026-05-22 11:30:05 [INFO] [ms_multi_process.py:76] - CANNCalculator process data finished, execute time is 0.026 s
2026-05-22 11:30:05 [INFO] [ms_multi_process.py:76] - MsprofTxParser process data finished, execute time is 0.003 s
2026-05-22 11:30:05 [INFO] [ms_multi_process.py:76] - StaticOpMemParser process data finished, execute time is 0.003 s
2026-05-22 11:30:05 [INFO] [ms_multi_process.py:76] - NpuOpMemCalculator process data finished, execute time is 0.003 s
2026-05-22 11:30:06 [WARNING] [file_manager.py:98] - Data has been analyzed, path is /home/developer/workspace/harness/build/npu-prof/prof_data/PROF_000001_20260522113002128_03176614EFGQPIFD/host, there are ['ge_hash.db', 'rts_track.db', 'stream_expand_spec.db', 'ge_info.db', 'api_event.db', 'time.db', 'runtime.db'] in sqlite.
2026-05-22 11:30:06 [WARNING] [msprof_export.py:477] - File all_file.complete already exists. All data will be exported from db in sqlite. Path is /home/developer/workspace/harness/build/npu-prof/prof_data/PROF_000001_20260522113002128_03176614EFGQPIFD/host 
2026-05-22 11:30:06 [INFO] [ms_multi_process.py:76] - NpuOpMemCalculator process data finished, execute time is 0.003 s
